<?xml version="1.0" encoding="UTF-8"?>
<testng-results skipped="0" failed="0" ignored="0" total="2" passed="2">
  <reporter-output>
  </reporter-output>
  <suite name="FreeCRMTest" duration-ms="15958" started-at="2020-01-31T01:48:29Z" finished-at="2020-01-31T01:48:45Z">
    <groups>
    </groups>
    <test name="Command line test" duration-ms="15958" started-at="2020-01-31T01:48:29Z" finished-at="2020-01-31T01:48:45Z">
      <class name="FreeCRMTest">
        <test-method status="PASS" signature="setExtent()[pri:0, instance:FreeCRMTest@4e04a765]" name="setExtent" is-config="true" duration-ms="373" started-at="2020-01-30T17:48:29Z" finished-at="2020-01-30T17:48:30Z">
          <reporter-output>
          </reporter-output>
        </test-method> <!-- setExtent -->
        <test-method status="PASS" signature="setup()[pri:0, instance:FreeCRMTest@4e04a765]" name="setup" is-config="true" duration-ms="7520" started-at="2020-01-30T17:48:30Z" finished-at="2020-01-30T17:48:37Z">
          <reporter-output>
          </reporter-output>
        </test-method> <!-- setup -->
        <test-method status="PASS" signature="freeCrmTitleTest()[pri:0, instance:FreeCRMTest@4e04a765]" name="freeCrmTitleTest" duration-ms="34" started-at="2020-01-30T17:48:37Z" finished-at="2020-01-30T17:48:37Z">
          <reporter-output>
          </reporter-output>
        </test-method> <!-- freeCrmTitleTest -->
        <test-method status="PASS" signature="tearDown(org.testng.ITestResult)[pri:0, instance:FreeCRMTest@4e04a765]" name="tearDown" is-config="true" duration-ms="1208" started-at="2020-01-30T17:48:37Z" finished-at="2020-01-30T17:48:39Z">
          <params>
            <param index="0">
              <value>
                <![CDATA[[TestResult name=freeCrmTitleTest status=SUCCESS method=FreeCRMTest.freeCrmTitleTest()[pri:0, instance:FreeCRMTest@4e04a765] output={null}]]]>
              </value>
            </param>
          </params>
          <reporter-output>
          </reporter-output>
        </test-method> <!-- tearDown -->
        <test-method status="PASS" signature="setup()[pri:0, instance:FreeCRMTest@4e04a765]" name="setup" is-config="true" duration-ms="5587" started-at="2020-01-30T17:48:39Z" finished-at="2020-01-30T17:48:44Z">
          <reporter-output>
          </reporter-output>
        </test-method> <!-- setup -->
        <test-method status="PASS" signature="freemCRMLogoTest()[pri:0, instance:FreeCRMTest@4e04a765]" name="freemCRMLogoTest" duration-ms="45" started-at="2020-01-30T17:48:44Z" finished-at="2020-01-30T17:48:44Z">
          <reporter-output>
          </reporter-output>
        </test-method> <!-- freemCRMLogoTest -->
        <test-method status="PASS" signature="tearDown(org.testng.ITestResult)[pri:0, instance:FreeCRMTest@4e04a765]" name="tearDown" is-config="true" duration-ms="796" started-at="2020-01-30T17:48:44Z" finished-at="2020-01-30T17:48:45Z">
          <params>
            <param index="0">
              <value>
                <![CDATA[[TestResult name=freemCRMLogoTest status=SUCCESS method=FreeCRMTest.freemCRMLogoTest()[pri:0, instance:FreeCRMTest@4e04a765] output={null}]]]>
              </value>
            </param>
          </params>
          <reporter-output>
          </reporter-output>
        </test-method> <!-- tearDown -->
        <test-method status="PASS" signature="endReport()[pri:0, instance:FreeCRMTest@4e04a765]" name="endReport" is-config="true" duration-ms="378" started-at="2020-01-30T17:48:45Z" finished-at="2020-01-30T17:48:45Z">
          <reporter-output>
          </reporter-output>
        </test-method> <!-- endReport -->
      </class> <!-- FreeCRMTest -->
    </test> <!-- Command line test -->
  </suite> <!-- FreeCRMTest -->
</testng-results>
