<?xml version="1.0" encoding="UTF-8"?>
<testng-results skipped="0" failed="0" ignored="0" total="2" passed="2">
  <reporter-output>
  </reporter-output>
  <suite name="FreeCRMTest" duration-ms="14220" started-at="2020-02-02T21:55:27Z" finished-at="2020-02-02T21:55:41Z">
    <groups>
    </groups>
    <test name="Command line test" duration-ms="14220" started-at="2020-02-02T21:55:27Z" finished-at="2020-02-02T21:55:41Z">
      <class name="FreeCRMTest">
        <test-method status="PASS" signature="setExtent()[pri:0, instance:FreeCRMTest@17f6480]" name="setExtent" is-config="true" duration-ms="230" started-at="2020-02-02T13:55:27Z" finished-at="2020-02-02T13:55:27Z">
          <reporter-output>
          </reporter-output>
        </test-method> <!-- setExtent -->
        <test-method status="PASS" signature="setup()[pri:0, instance:FreeCRMTest@17f6480]" name="setup" is-config="true" duration-ms="7206" started-at="2020-02-02T13:55:27Z" finished-at="2020-02-02T13:55:34Z">
          <reporter-output>
          </reporter-output>
        </test-method> <!-- setup -->
        <test-method status="PASS" signature="freeCrmTitleTest()[pri:0, instance:FreeCRMTest@17f6480]" name="freeCrmTitleTest" duration-ms="17" started-at="2020-02-02T13:55:34Z" finished-at="2020-02-02T13:55:34Z">
          <reporter-output>
          </reporter-output>
        </test-method> <!-- freeCrmTitleTest -->
        <test-method status="PASS" signature="tearDown(org.testng.ITestResult)[pri:0, instance:FreeCRMTest@17f6480]" name="tearDown" is-config="true" duration-ms="885" started-at="2020-02-02T13:55:34Z" finished-at="2020-02-02T13:55:35Z">
          <params>
            <param index="0">
              <value>
                <![CDATA[[TestResult name=freeCrmTitleTest status=SUCCESS method=FreeCRMTest.freeCrmTitleTest()[pri:0, instance:FreeCRMTest@17f6480] output={null}]]]>
              </value>
            </param>
          </params>
          <reporter-output>
          </reporter-output>
        </test-method> <!-- tearDown -->
        <test-method status="PASS" signature="setup()[pri:0, instance:FreeCRMTest@17f6480]" name="setup" is-config="true" duration-ms="4802" started-at="2020-02-02T13:55:35Z" finished-at="2020-02-02T13:55:40Z">
          <reporter-output>
          </reporter-output>
        </test-method> <!-- setup -->
        <test-method status="PASS" signature="freemCRMLogoTest()[pri:0, instance:FreeCRMTest@17f6480]" name="freemCRMLogoTest" duration-ms="39" started-at="2020-02-02T13:55:40Z" finished-at="2020-02-02T13:55:40Z">
          <reporter-output>
          </reporter-output>
        </test-method> <!-- freemCRMLogoTest -->
        <test-method status="PASS" signature="tearDown(org.testng.ITestResult)[pri:0, instance:FreeCRMTest@17f6480]" name="tearDown" is-config="true" duration-ms="718" started-at="2020-02-02T13:55:40Z" finished-at="2020-02-02T13:55:41Z">
          <params>
            <param index="0">
              <value>
                <![CDATA[[TestResult name=freemCRMLogoTest status=SUCCESS method=FreeCRMTest.freemCRMLogoTest()[pri:0, instance:FreeCRMTest@17f6480] output={null}]]]>
              </value>
            </param>
          </params>
          <reporter-output>
          </reporter-output>
        </test-method> <!-- tearDown -->
        <test-method status="PASS" signature="endReport()[pri:0, instance:FreeCRMTest@17f6480]" name="endReport" is-config="true" duration-ms="310" started-at="2020-02-02T13:55:41Z" finished-at="2020-02-02T13:55:41Z">
          <reporter-output>
          </reporter-output>
        </test-method> <!-- endReport -->
      </class> <!-- FreeCRMTest -->
    </test> <!-- Command line test -->
  </suite> <!-- FreeCRMTest -->
</testng-results>
