<?xml version="1.0" encoding="UTF-8"?>
<testng-results skipped="0" failed="1" ignored="0" total="2" passed="1">
  <reporter-output>
  </reporter-output>
  <suite name="Default suite" duration-ms="16669" started-at="2020-02-02T04:18:03Z" finished-at="2020-02-02T04:18:19Z">
    <groups>
    </groups>
    <test name="Default test" duration-ms="16669" started-at="2020-02-02T04:18:03Z" finished-at="2020-02-02T04:18:19Z">
      <class name="FreeCRMTest">
        <test-method status="PASS" signature="setExtent()[pri:0, instance:FreeCRMTest@5e3a8624]" name="setExtent" is-config="true" duration-ms="304" started-at="2020-02-01T20:18:03Z" finished-at="2020-02-01T20:18:03Z">
          <reporter-output>
          </reporter-output>
        </test-method> <!-- setExtent -->
        <test-method status="PASS" signature="setup()[pri:0, instance:FreeCRMTest@5e3a8624]" name="setup" is-config="true" duration-ms="8529" started-at="2020-02-01T20:18:03Z" finished-at="2020-02-01T20:18:11Z">
          <reporter-output>
          </reporter-output>
        </test-method> <!-- setup -->
        <test-method status="FAIL" signature="freeCrmTitleTest()[pri:0, instance:FreeCRMTest@5e3a8624]" name="freeCrmTitleTest" duration-ms="25" started-at="2020-02-01T20:18:11Z" finished-at="2020-02-01T20:18:12Z">
          <exception class="java.lang.AssertionError">
            <message>
              <![CDATA[expected [Fre CRM #1 cloud software for any business large or small] but found [Free CRM #1 cloud software for any business large or small]]]>
            </message>
            <full-stacktrace>
              <![CDATA[java.lang.AssertionError: expected [Fre CRM #1 cloud software for any business large or small] but found [Free CRM #1 cloud software for any business large or small]
	at org.testng.Assert.fail(Assert.java:93)
	at org.testng.Assert.failNotEquals(Assert.java:512)
	at org.testng.Assert.assertEqualsImpl(Assert.java:134)
	at org.testng.Assert.assertEquals(Assert.java:115)
	at org.testng.Assert.assertEquals(Assert.java:189)
	at org.testng.Assert.assertEquals(Assert.java:199)
	at FreeCRMTest.freeCrmTitleTest(FreeCRMTest.java:88)
	at sun.reflect.NativeMethodAccessorImpl.invoke0(Native Method)
	at sun.reflect.NativeMethodAccessorImpl.invoke(Unknown Source)
	at sun.reflect.DelegatingMethodAccessorImpl.invoke(Unknown Source)
	at java.lang.reflect.Method.invoke(Unknown Source)
	at org.testng.internal.MethodInvocationHelper.invokeMethod(MethodInvocationHelper.java:108)
	at org.testng.internal.Invoker.invokeMethod(Invoker.java:661)
	at org.testng.internal.Invoker.invokeTestMethod(Invoker.java:869)
	at org.testng.internal.Invoker.invokeTestMethods(Invoker.java:1193)
	at org.testng.internal.TestMethodWorker.invokeTestMethods(TestMethodWorker.java:126)
	at org.testng.internal.TestMethodWorker.run(TestMethodWorker.java:109)
	at org.testng.TestRunner.privateRun(TestRunner.java:744)
	at org.testng.TestRunner.run(TestRunner.java:602)
	at org.testng.SuiteRunner.runTest(SuiteRunner.java:380)
	at org.testng.SuiteRunner.runSequentially(SuiteRunner.java:375)
	at org.testng.SuiteRunner.privateRun(SuiteRunner.java:340)
	at org.testng.SuiteRunner.run(SuiteRunner.java:289)
	at org.testng.SuiteRunnerWorker.runSuite(SuiteRunnerWorker.java:52)
	at org.testng.SuiteRunnerWorker.run(SuiteRunnerWorker.java:86)
	at org.testng.TestNG.runSuitesSequentially(TestNG.java:1301)
	at org.testng.TestNG.runSuitesLocally(TestNG.java:1226)
	at org.testng.TestNG.runSuites(TestNG.java:1144)
	at org.testng.TestNG.run(TestNG.java:1115)
	at org.testng.remote.AbstractRemoteTestNG.run(AbstractRemoteTestNG.java:126)
	at org.testng.remote.RemoteTestNG.initAndRun(RemoteTestNG.java:152)
	at org.testng.remote.RemoteTestNG.main(RemoteTestNG.java:57)
]]>
            </full-stacktrace>
          </exception> <!-- java.lang.AssertionError -->
          <reporter-output>
          </reporter-output>
        </test-method> <!-- freeCrmTitleTest -->
        <test-method status="PASS" signature="tearDown(org.testng.ITestResult)[pri:0, instance:FreeCRMTest@5e3a8624]" name="tearDown" is-config="true" duration-ms="1275" started-at="2020-02-01T20:18:12Z" finished-at="2020-02-01T20:18:13Z">
          <params>
            <param index="0">
              <value>
                <![CDATA[[TestResult name=freeCrmTitleTest status=FAILURE method=FreeCRMTest.freeCrmTitleTest()[pri:0, instance:FreeCRMTest@5e3a8624] output={null}]]]>
              </value>
            </param>
          </params>
          <reporter-output>
          </reporter-output>
        </test-method> <!-- tearDown -->
        <test-method status="PASS" signature="setup()[pri:0, instance:FreeCRMTest@5e3a8624]" name="setup" is-config="true" duration-ms="5352" started-at="2020-02-01T20:18:13Z" finished-at="2020-02-01T20:18:18Z">
          <reporter-output>
          </reporter-output>
        </test-method> <!-- setup -->
        <test-method status="PASS" signature="freemCRMLogoTest()[pri:0, instance:FreeCRMTest@5e3a8624]" name="freemCRMLogoTest" duration-ms="57" started-at="2020-02-01T20:18:18Z" finished-at="2020-02-01T20:18:18Z">
          <reporter-output>
          </reporter-output>
        </test-method> <!-- freemCRMLogoTest -->
        <test-method status="PASS" signature="tearDown(org.testng.ITestResult)[pri:0, instance:FreeCRMTest@5e3a8624]" name="tearDown" is-config="true" duration-ms="801" started-at="2020-02-01T20:18:18Z" finished-at="2020-02-01T20:18:19Z">
          <params>
            <param index="0">
              <value>
                <![CDATA[[TestResult name=freemCRMLogoTest status=SUCCESS method=FreeCRMTest.freemCRMLogoTest()[pri:0, instance:FreeCRMTest@5e3a8624] output={null}]]]>
              </value>
            </param>
          </params>
          <reporter-output>
          </reporter-output>
        </test-method> <!-- tearDown -->
        <test-method status="PASS" signature="endReport()[pri:0, instance:FreeCRMTest@5e3a8624]" name="endReport" is-config="true" duration-ms="301" started-at="2020-02-01T20:18:19Z" finished-at="2020-02-01T20:18:19Z">
          <reporter-output>
          </reporter-output>
        </test-method> <!-- endReport -->
      </class> <!-- FreeCRMTest -->
    </test> <!-- Default test -->
  </suite> <!-- Default suite -->
</testng-results>
