<?xml version="1.0" encoding="UTF-8"?>
<!-- Generated by org.testng.reporters.JUnitXMLReporter -->
<testsuite hostname="DESKTOP-G2S5BGV" ignored="0" tests="2" failures="1" timestamp="31 Jan 2020 02:21:17 GMT" time="17.881" errors="0">
  <testcase name="freeCrmTitleTest" time="0.036" classname="FreeCRMTest">
    <failure type="java.lang.AssertionError" message="expected [Fre CRM #1 cloud software for any business large or small] but found [Free CRM #1 cloud software for any business large or small]">
      <![CDATA[java.lang.AssertionError: expected [Fre CRM #1 cloud software for any business large or small] but found [Free CRM #1 cloud software for any business large or small]
	at FreeCRMTest.freeCrmTitleTest(FreeCRMTest.java:88)
... Removed 40 stack frames]]>
    </failure>
  </testcase> <!-- freeCrmTitleTest -->
  <testcase name="freemCRMLogoTest" time="0.05" classname="FreeCRMTest"/>
</testsuite>
